Change Component Comment : Designator=U5 Old Comment=Comment New Comment=ATMEGA328P-PU
Change Component Comment : Designator=U6 Old Comment=Comment New Comment=TC427CPA
Added Pin To Net: NetName=RESET Pin=U5-1
Added Pin To Net: NetName=NetU5_5 Pin=U5-5
Added Pin To Net: NetName=+5V Pin=U5-7
Added Pin To Net: NetName=NetU5_9 Pin=U5-9
Added Pin To Net: NetName=NetU5_10 Pin=U5-10
Added Pin To Net: NetName=LED1 Pin=U5-13
Added Pin To Net: NetName=LED2 Pin=U5-14
Added Pin To Net: NetName=MOSI Pin=U5-17
Added Pin To Net: NetName=MISO Pin=U5-18
Added Pin To Net: NetName=SCK Pin=U5-19
Added Pin To Net: NetName=+5V Pin=U5-20
Added Pin To Net: NetName=GND Pin=U5-22
Added Pin To Net: NetName=VIN_ADC Pin=U5-23
Added Pin To Net: NetName=VOUT_ADC Pin=U5-24
Added Pin To Net: NetName=NetU5_5 Pin=U6-2
Added Pin To Net: NetName=GND Pin=U6-3
Added Pin To Net: NetName=+12V Pin=U6-6
Added Pin To Net: NetName=NetR1_1 Pin=U6-7
Added Member To Class: ClassName=Sheet1 Member=Component U5 ATMEGA328P-PU
